<?xml version="1.0" encoding="UTF-8"?>
<!-- Generated by org.testng.reporters.JUnitXMLReporter -->
<testsuite ignored="1" hostname="TABLET-C108GPTC" failures="0" tests="1" name="Default test" time="3.939" errors="0" timestamp="2024-06-01T20:53:17 EDT">
  <testcase classname="com.google.QA.Test.HomePageLinkTest" name="images_link_test" time="0.592"/>
  <testcase classname="com.google.QA.Test.HomePageLinkTest" name="gmail_link_test" time="0.0">
    <ignored/>
  </testcase> <!-- gmail_link_test -->
</testsuite> <!-- Default test -->
